<?xml version="1.0" encoding="UTF-8" ?>
<testsuite failures="0" time="0.052" errors="0" skipped="0" tests="1" name="org.n52.server.ses.eml.BasicRule_5_BuilderTest">
  <properties>
    <property name="java.runtime.name" value="Java(TM) SE Runtime Environment"/>
    <property name="sun.boot.library.path" value="/System/Library/Java/JavaVirtualMachines/1.6.0.jdk/Contents/Libraries"/>
    <property name="java.vm.version" value="20.51-b01-456"/>
    <property name="awt.nativeDoubleBuffering" value="true"/>
    <property name="gopherProxySet" value="false"/>
    <property name="mrj.build" value="11M4508"/>
    <property name="java.vm.vendor" value="Apple Inc."/>
    <property name="java.vendor.url" value="http://www.apple.com/"/>
    <property name="path.separator" value=":"/>
    <property name="java.vm.name" value="Java HotSpot(TM) 64-Bit Server VM"/>
    <property name="file.encoding.pkg" value="sun.io"/>
    <property name="user.country" value="US"/>
    <property name="sun.java.launcher" value="SUN_STANDARD"/>
    <property name="sun.os.patch.level" value="unknown"/>
    <property name="java.vm.specification.name" value="Java Virtual Machine Specification"/>
    <property name="user.dir" value="/Users/ASD/workspace/SWE-3.1.0/sensorwebclient-ses-server"/>
    <property name="java.runtime.version" value="1.6.0_51-b11-456-11M4508"/>
    <property name="java.awt.graphicsenv" value="apple.awt.CGraphicsEnvironment"/>
    <property name="basedir" value="/Users/ASD/workspace/SWE-3.1.0/sensorwebclient-ses-server"/>
    <property name="java.endorsed.dirs" value="/System/Library/Java/JavaVirtualMachines/1.6.0.jdk/Contents/Home/lib/endorsed"/>
    <property name="os.arch" value="x86_64"/>
    <property name="surefire.real.class.path" value="/Users/ASD/workspace/SWE-3.1.0/sensorwebclient-ses-server/target/surefire/surefirebooter5695483099548478838.jar"/>
    <property name="java.io.tmpdir" value="/var/folders/h2/3586ccn162d9w7ds4qnzzwbr0000gn/T/"/>
    <property name="line.separator" value="
"/>
    <property name="java.vm.specification.vendor" value="Sun Microsystems Inc."/>
    <property name="os.name" value="Mac OS X"/>
    <property name="sun.jnu.encoding" value="MacRoman"/>
    <property name="java.library.path" value=".:/Library/Java/Extensions:/System/Library/Java/Extensions:/usr/lib/java"/>
    <property name="surefire.test.class.path" value="/Users/ASD/workspace/SWE-3.1.0/sensorwebclient-ses-server/target/test-classes:/Users/ASD/workspace/SWE-3.1.0/sensorwebclient-ses-server/target/classes:/Users/ASD/.m2/repository/org/n52/sensorweb/sensorwebclient-api/3.1.0/sensorwebclient-api-3.1.0.jar:/Users/ASD/.m2/repository/org/geotools/gt-opengis/8.2/gt-opengis-8.2.jar:/Users/ASD/.m2/repository/net/java/dev/jsr-275/jsr-275/1.0-beta-2/jsr-275-1.0-beta-2.jar:/Users/ASD/.m2/repository/java3d/vecmath/1.3.2/vecmath-1.3.2.jar:/Users/ASD/.m2/repository/commons-pool/commons-pool/1.5.4/commons-pool-1.5.4.jar:/Users/ASD/.m2/repository/javax/media/jai_core/1.1.3/jai_core-1.1.3.jar:/Users/ASD/.m2/repository/org/n52/sensorweb/sensorwebclient-sos-shared/3.1.0/sensorwebclient-sos-shared-3.1.0.jar:/Users/ASD/.m2/repository/org/n52/sensorweb/xml-pdf-format/3.1.0/xml-pdf-format-3.1.0.jar:/Users/ASD/.m2/repository/org/apache/xmlbeans/xmlbeans/2.5.0/xmlbeans-2.5.0.jar:/Users/ASD/.m2/repository/stax/stax-api/1.0.1/stax-api-1.0.1.jar:/Users/ASD/.m2/repository/org/n52/sensorweb/oxf-sos-adapter/2.0.0-alpha.2/oxf-sos-adapter-2.0.0-alpha.2.jar:/Users/ASD/.m2/repository/org/n52/sensorweb/52n-oxf-swes-v20/2.0.0-alpha.2/52n-oxf-swes-v20-2.0.0-alpha.2.jar:/Users/ASD/.m2/repository/org/n52/sensorweb/52n-oxf-ows-v110/2.0.0-alpha.2/52n-oxf-ows-v110-2.0.0-alpha.2.jar:/Users/ASD/.m2/repository/org/n52/sensorweb/52n-xml-sos-v100/1.1.4/52n-xml-sos-v100-1.1.4.jar:/Users/ASD/.m2/repository/org/n52/sensorweb/52n-xml-sos-v20/1.1.4/52n-xml-sos-v20-1.1.4.jar:/Users/ASD/.m2/repository/org/n52/sensorweb/52n-xml-gml-v321/1.1.4/52n-xml-gml-v321-1.1.4.jar:/Users/ASD/.m2/repository/org/n52/sensorweb/52n-xml-filter-v20/1.1.4/52n-xml-filter-v20-1.1.4.jar:/Users/ASD/.m2/repository/org/n52/sensorweb/52n-xml-om-v20/1.1.4/52n-xml-om-v20-1.1.4.jar:/Users/ASD/.m2/repository/org/n52/sensorweb/52n-xml-sweCommon-v20/1.1.4/52n-xml-sweCommon-v20-1.1.4.jar:/Users/ASD/.m2/repository/commons-lang/commons-lang/2.6/commons-lang-2.6.jar:/Users/ASD/.m2/repository/javax/validation/validation-api/1.0.0.GA/validation-api-1.0.0.GA.jar:/Users/ASD/.m2/repository/org/springframework/spring-context/3.2.0.RELEASE/spring-context-3.2.0.RELEASE.jar:/Users/ASD/.m2/repository/org/springframework/spring-core/3.2.0.RELEASE/spring-core-3.2.0.RELEASE.jar:/Users/ASD/.m2/repository/org/springframework/spring-aop/3.2.0.RELEASE/spring-aop-3.2.0.RELEASE.jar:/Users/ASD/.m2/repository/aopalliance/aopalliance/1.0/aopalliance-1.0.jar:/Users/ASD/.m2/repository/org/springframework/spring-expression/3.2.0.RELEASE/spring-expression-3.2.0.RELEASE.jar:/Users/ASD/.m2/repository/org/springframework/spring-beans/3.2.0.RELEASE/spring-beans-3.2.0.RELEASE.jar:/Users/ASD/.m2/repository/com/vividsolutions/jts/1.11/jts-1.11.jar:/Users/ASD/.m2/repository/org/geotools/gt-main/8.2/gt-main-8.2.jar:/Users/ASD/.m2/repository/org/geotools/gt-api/8.2/gt-api-8.2.jar:/Users/ASD/.m2/repository/jdom/jdom/1.0/jdom-1.0.jar:/Users/ASD/.m2/repository/org/geotools/gt-epsg-hsql/8.2/gt-epsg-hsql-8.2.jar:/Users/ASD/.m2/repository/org/geotools/gt-referencing/8.2/gt-referencing-8.2.jar:/Users/ASD/.m2/repository/jgridshift/jgridshift/1.0/jgridshift-1.0.jar:/Users/ASD/.m2/repository/hsqldb/hsqldb/1.8.0.7/hsqldb-1.8.0.7.jar:/Users/ASD/.m2/repository/org/geotools/gt-metadata/8.2/gt-metadata-8.2.jar:/Users/ASD/.m2/repository/net/sourceforge/jexcelapi/jxl/2.6/jxl-2.6.jar:/Users/ASD/.m2/repository/org/apache/xmlgraphics/fop/1.0/fop-1.0.jar:/Users/ASD/.m2/repository/org/apache/xmlgraphics/xmlgraphics-commons/1.4/xmlgraphics-commons-1.4.jar:/Users/ASD/.m2/repository/org/apache/xmlgraphics/batik-svg-dom/1.7/batik-svg-dom-1.7.jar:/Users/ASD/.m2/repository/org/apache/xmlgraphics/batik-anim/1.7/batik-anim-1.7.jar:/Users/ASD/.m2/repository/org/apache/xmlgraphics/batik-css/1.7/batik-css-1.7.jar:/Users/ASD/.m2/repository/org/apache/xmlgraphics/batik-dom/1.7/batik-dom-1.7.jar:/Users/ASD/.m2/repository/org/apache/xmlgraphics/batik-parser/1.7/batik-parser-1.7.jar:/Users/ASD/.m2/repository/org/apache/xmlgraphics/batik-util/1.7/batik-util-1.7.jar:/Users/ASD/.m2/repository/xml-apis/xml-apis-ext/1.3.04/xml-apis-ext-1.3.04.jar:/Users/ASD/.m2/repository/org/apache/xmlgraphics/batik-bridge/1.7/batik-bridge-1.7.jar:/Users/ASD/.m2/repository/org/apache/xmlgraphics/batik-script/1.7/batik-script-1.7.jar:/Users/ASD/.m2/repository/org/apache/xmlgraphics/batik-js/1.7/batik-js-1.7.jar:/Users/ASD/.m2/repository/org/apache/xmlgraphics/batik-xml/1.7/batik-xml-1.7.jar:/Users/ASD/.m2/repository/xalan/xalan/2.6.0/xalan-2.6.0.jar:/Users/ASD/.m2/repository/org/apache/xmlgraphics/batik-awt-util/1.7/batik-awt-util-1.7.jar:/Users/ASD/.m2/repository/org/apache/xmlgraphics/batik-gvt/1.7/batik-gvt-1.7.jar:/Users/ASD/.m2/repository/org/apache/xmlgraphics/batik-transcoder/1.7/batik-transcoder-1.7.jar:/Users/ASD/.m2/repository/org/apache/xmlgraphics/batik-svggen/1.7/batik-svggen-1.7.jar:/Users/ASD/.m2/repository/org/apache/xmlgraphics/batik-extension/1.7/batik-extension-1.7.jar:/Users/ASD/.m2/repository/org/apache/xmlgraphics/batik-ext/1.7/batik-ext-1.7.jar:/Users/ASD/.m2/repository/commons-io/commons-io/1.3.1/commons-io-1.3.1.jar:/Users/ASD/.m2/repository/org/apache/avalon/framework/avalon-framework-api/4.3.1/avalon-framework-api-4.3.1.jar:/Users/ASD/.m2/repository/org/apache/avalon/framework/avalon-framework-impl/4.3.1/avalon-framework-impl-4.3.1.jar:/Users/ASD/.m2/repository/org/n52/sensorweb/sweclient-old/gimv/0.4.2/gimv-0.4.2.jar:/Users/ASD/.m2/repository/org/n52/sensorweb/sensorwebclient-ses-shared/3.1.0/sensorwebclient-ses-shared-3.1.0.jar:/Users/ASD/.m2/repository/com/google/gwt/gwt-servlet/2.5.0/gwt-servlet-2.5.0.jar:/Users/ASD/.m2/repository/org/n52/sensorweb/oxf-ses-adapter/2.0.0-alpha.2/oxf-ses-adapter-2.0.0-alpha.2.jar:/Users/ASD/.m2/repository/org/n52/sensorweb/oxf-common/2.0.0-alpha.2/oxf-common-2.0.0-alpha.2.jar:/Users/ASD/.m2/repository/org/n52/sensorweb/52n-xml-ows-v110/1.1.4/52n-xml-ows-v110-1.1.4.jar:/Users/ASD/.m2/repository/org/n52/sensorweb/52n-xml-xlink-v110/1.0.0/52n-xml-xlink-v110-1.0.0.jar:/Users/ASD/.m2/repository/org/apache/httpcomponents/httpclient/4.2.1/httpclient-4.2.1.jar:/Users/ASD/.m2/repository/org/apache/httpcomponents/httpcore/4.2.1/httpcore-4.2.1.jar:/Users/ASD/.m2/repository/commons-codec/commons-codec/1.6/commons-codec-1.6.jar:/Users/ASD/.m2/repository/com/google/guava/guava/12.0/guava-12.0.jar:/Users/ASD/.m2/repository/com/google/code/findbugs/jsr305/1.3.9/jsr305-1.3.9.jar:/Users/ASD/.m2/repository/org/slf4j/jcl-over-slf4j/1.7.2/jcl-over-slf4j-1.7.2.jar:/Users/ASD/.m2/repository/javax/media/jai_codec/1.1.3/jai_codec-1.1.3.jar:/Users/ASD/.m2/repository/jfree/jfreechart/1.0.13/jfreechart-1.0.13.jar:/Users/ASD/.m2/repository/jfree/jcommon/1.0.16/jcommon-1.0.16.jar:/Users/ASD/.m2/repository/isorelax/isorelax/20020414/isorelax-20020414.jar:/Users/ASD/.m2/repository/org/n52/sensorweb/oxf-feature/2.0.0-alpha.2/oxf-feature-2.0.0-alpha.2.jar:/Users/ASD/.m2/repository/org/n52/sensorweb/52n-xml-context-v100/1.1.4/52n-xml-context-v100-1.1.4.jar:/Users/ASD/.m2/repository/org/n52/sensorweb/52n-xml-sld-v100/1.1.4/52n-xml-sld-v100-1.1.4.jar:/Users/ASD/.m2/repository/org/n52/sensorweb/52n-xml-filter-v100/1.1.4/52n-xml-filter-v100-1.1.4.jar:/Users/ASD/.m2/repository/org/n52/sensorweb/52n-xml-sampling-v100/1.1.4/52n-xml-sampling-v100-1.1.4.jar:/Users/ASD/.m2/repository/org/n52/sensorweb/52n-xml-sensorML-v100/1.1.4/52n-xml-sensorML-v100-1.1.4.jar:/Users/ASD/.m2/repository/org/n52/sensorweb/52n-xml-sweCommon-v100/1.1.4/52n-xml-sweCommon-v100-1.1.4.jar:/Users/ASD/.m2/repository/org/n52/sensorweb/52n-xml-sweCommon-v101/1.1.4/52n-xml-sweCommon-v101-1.1.4.jar:/Users/ASD/.m2/repository/org/n52/sensorweb/52n-xml-waterML-v20/1.1.4/52n-xml-waterML-v20-1.1.4.jar:/Users/ASD/.m2/repository/org/n52/sensorweb/52n-xml-sampling-v20/1.1.4/52n-xml-sampling-v20-1.1.4.jar:/Users/ASD/.m2/repository/org/n52/sensorweb/oxf-feature-grdc/2.0.0-alpha.2/oxf-feature-grdc-2.0.0-alpha.2.jar:/Users/ASD/.m2/repository/org/n52/sensorweb/oxf-adapter-api/2.0.0-alpha.2/oxf-adapter-api-2.0.0-alpha.2.jar:/Users/ASD/.m2/repository/org/n52/sensorweb/52n-xml-ses-v00/1.1.4/52n-xml-ses-v00-1.1.4.jar:/Users/ASD/.m2/repository/org/n52/sensorweb/52n-xml-eml-v001/1.1.4/52n-xml-eml-v001-1.1.4.jar:/Users/ASD/.m2/repository/org/n52/sensorweb/52n-xml-wsn-v13/1.1.4/52n-xml-wsn-v13-1.1.4.jar:/Users/ASD/.m2/repository/org/n52/sensorweb/52n-xml-wsrf-v12/1.1.4/52n-xml-wsrf-v12-1.1.4.jar:/Users/ASD/.m2/repository/org/n52/sensorweb/52n-xml-wsa-v10/1.1.4/52n-xml-wsa-v10-1.1.4.jar:/Users/ASD/.m2/repository/org/n52/sensorweb/52n-xml-om-v100/1.1.3/52n-xml-om-v100-1.1.3.jar:/Users/ASD/.m2/repository/org/n52/sensorweb/52n-xml-gml-v311/1.1.3/52n-xml-gml-v311-1.1.3.jar:/Users/ASD/.m2/repository/org/n52/sensorweb/52n-xml-sensorML-v101/1.1.3/52n-xml-sensorML-v101-1.1.3.jar:/Users/ASD/.m2/repository/org/n52/sensorweb/52n-oxf-xmlbeans/2.0.0-alpha.2/52n-oxf-xmlbeans-2.0.0-alpha.2.jar:/Users/ASD/.m2/repository/xerces/xercesImpl/2.9.1/xercesImpl-2.9.1.jar:/Users/ASD/.m2/repository/org/n52/sensorweb/52n-xml-soap-v12/1.1.4/52n-xml-soap-v12-1.1.4.jar:/Users/ASD/.m2/repository/org/n52/sensorweb/52n-xml-swes-v20/1.1.4/52n-xml-swes-v20-1.1.4.jar:/Users/ASD/.m2/repository/org/apache/xmlbeans/xmlbeans-xpath/2.5.0/xmlbeans-xpath-2.5.0.jar:/Users/ASD/.m2/repository/net/sf/saxon/Saxon-HE/9.4.0.6/Saxon-HE-9.4.0.6.jar:/Users/ASD/.m2/repository/joda-time/joda-time/2.1/joda-time-2.1.jar:/Users/ASD/.m2/repository/org/slf4j/slf4j-api/1.7.2/slf4j-api-1.7.2.jar:/Users/ASD/.m2/repository/ch/qos/logback/logback-classic/1.0.9/logback-classic-1.0.9.jar:/Users/ASD/.m2/repository/ch/qos/logback/logback-core/1.0.9/logback-core-1.0.9.jar:/Users/ASD/.m2/repository/junit/junit/4.8.2/junit-4.8.2.jar:/Users/ASD/.m2/repository/org/hamcrest/hamcrest-all/1.3/hamcrest-all-1.3.jar:/Users/ASD/.m2/repository/javax/servlet/servlet-api/2.4/servlet-api-2.4.jar:/Users/ASD/.m2/repository/org/hibernate/hibernate-core/3.5.0-Final/hibernate-core-3.5.0-Final.jar:/Users/ASD/.m2/repository/antlr/antlr/2.7.6/antlr-2.7.6.jar:/Users/ASD/.m2/repository/commons-collections/commons-collections/3.1/commons-collections-3.1.jar:/Users/ASD/.m2/repository/dom4j/dom4j/1.6.1/dom4j-1.6.1.jar:/Users/ASD/.m2/repository/xml-apis/xml-apis/1.0.b2/xml-apis-1.0.b2.jar:/Users/ASD/.m2/repository/javax/transaction/jta/1.1/jta-1.1.jar:/Users/ASD/.m2/repository/net/sf/ehcache/ehcache/1.6.1/ehcache-1.6.1.jar:/Users/ASD/.m2/repository/javassist/javassist/3.12.1.GA/javassist-3.12.1.GA.jar:/Users/ASD/.m2/repository/postgresql/postgresql/8.4-702.jdbc4/postgresql-8.4-702.jdbc4.jar:/Users/ASD/.m2/repository/javax/mail/mail/1.4/mail-1.4.jar:/Users/ASD/.m2/repository/javax/activation/activation/1.1/activation-1.1.jar:/Users/ASD/.m2/repository/org/n52/sensorweb/sweclient-old/unitConversion/1.0/unitConversion-1.0.jar:"/>
    <property name="java.specification.name" value="Java Platform API Specification"/>
    <property name="java.class.version" value="50.0"/>
    <property name="sun.management.compiler" value="HotSpot 64-Bit Tiered Compilers"/>
    <property name="os.version" value="10.7.5"/>
    <property name="http.nonProxyHosts" value="local|*.local|169.254/16|*.169.254/16"/>
    <property name="user.home" value="/Users/ASD"/>
    <property name="user.timezone" value="Europe/Berlin"/>
    <property name="java.awt.printerjob" value="apple.awt.CPrinterJob"/>
    <property name="java.specification.version" value="1.6"/>
    <property name="file.encoding" value="MacRoman"/>
    <property name="user.name" value="ASD"/>
    <property name="java.class.path" value="/Users/ASD/workspace/SWE-3.1.0/sensorwebclient-ses-server/target/test-classes:/Users/ASD/workspace/SWE-3.1.0/sensorwebclient-ses-server/target/classes:/Users/ASD/.m2/repository/org/n52/sensorweb/sensorwebclient-api/3.1.0/sensorwebclient-api-3.1.0.jar:/Users/ASD/.m2/repository/org/geotools/gt-opengis/8.2/gt-opengis-8.2.jar:/Users/ASD/.m2/repository/net/java/dev/jsr-275/jsr-275/1.0-beta-2/jsr-275-1.0-beta-2.jar:/Users/ASD/.m2/repository/java3d/vecmath/1.3.2/vecmath-1.3.2.jar:/Users/ASD/.m2/repository/commons-pool/commons-pool/1.5.4/commons-pool-1.5.4.jar:/Users/ASD/.m2/repository/javax/media/jai_core/1.1.3/jai_core-1.1.3.jar:/Users/ASD/.m2/repository/org/n52/sensorweb/sensorwebclient-sos-shared/3.1.0/sensorwebclient-sos-shared-3.1.0.jar:/Users/ASD/.m2/repository/org/n52/sensorweb/xml-pdf-format/3.1.0/xml-pdf-format-3.1.0.jar:/Users/ASD/.m2/repository/org/apache/xmlbeans/xmlbeans/2.5.0/xmlbeans-2.5.0.jar:/Users/ASD/.m2/repository/stax/stax-api/1.0.1/stax-api-1.0.1.jar:/Users/ASD/.m2/repository/org/n52/sensorweb/oxf-sos-adapter/2.0.0-alpha.2/oxf-sos-adapter-2.0.0-alpha.2.jar:/Users/ASD/.m2/repository/org/n52/sensorweb/52n-oxf-swes-v20/2.0.0-alpha.2/52n-oxf-swes-v20-2.0.0-alpha.2.jar:/Users/ASD/.m2/repository/org/n52/sensorweb/52n-oxf-ows-v110/2.0.0-alpha.2/52n-oxf-ows-v110-2.0.0-alpha.2.jar:/Users/ASD/.m2/repository/org/n52/sensorweb/52n-xml-sos-v100/1.1.4/52n-xml-sos-v100-1.1.4.jar:/Users/ASD/.m2/repository/org/n52/sensorweb/52n-xml-sos-v20/1.1.4/52n-xml-sos-v20-1.1.4.jar:/Users/ASD/.m2/repository/org/n52/sensorweb/52n-xml-gml-v321/1.1.4/52n-xml-gml-v321-1.1.4.jar:/Users/ASD/.m2/repository/org/n52/sensorweb/52n-xml-filter-v20/1.1.4/52n-xml-filter-v20-1.1.4.jar:/Users/ASD/.m2/repository/org/n52/sensorweb/52n-xml-om-v20/1.1.4/52n-xml-om-v20-1.1.4.jar:/Users/ASD/.m2/repository/org/n52/sensorweb/52n-xml-sweCommon-v20/1.1.4/52n-xml-sweCommon-v20-1.1.4.jar:/Users/ASD/.m2/repository/commons-lang/commons-lang/2.6/commons-lang-2.6.jar:/Users/ASD/.m2/repository/javax/validation/validation-api/1.0.0.GA/validation-api-1.0.0.GA.jar:/Users/ASD/.m2/repository/org/springframework/spring-context/3.2.0.RELEASE/spring-context-3.2.0.RELEASE.jar:/Users/ASD/.m2/repository/org/springframework/spring-core/3.2.0.RELEASE/spring-core-3.2.0.RELEASE.jar:/Users/ASD/.m2/repository/org/springframework/spring-aop/3.2.0.RELEASE/spring-aop-3.2.0.RELEASE.jar:/Users/ASD/.m2/repository/aopalliance/aopalliance/1.0/aopalliance-1.0.jar:/Users/ASD/.m2/repository/org/springframework/spring-expression/3.2.0.RELEASE/spring-expression-3.2.0.RELEASE.jar:/Users/ASD/.m2/repository/org/springframework/spring-beans/3.2.0.RELEASE/spring-beans-3.2.0.RELEASE.jar:/Users/ASD/.m2/repository/com/vividsolutions/jts/1.11/jts-1.11.jar:/Users/ASD/.m2/repository/org/geotools/gt-main/8.2/gt-main-8.2.jar:/Users/ASD/.m2/repository/org/geotools/gt-api/8.2/gt-api-8.2.jar:/Users/ASD/.m2/repository/jdom/jdom/1.0/jdom-1.0.jar:/Users/ASD/.m2/repository/org/geotools/gt-epsg-hsql/8.2/gt-epsg-hsql-8.2.jar:/Users/ASD/.m2/repository/org/geotools/gt-referencing/8.2/gt-referencing-8.2.jar:/Users/ASD/.m2/repository/jgridshift/jgridshift/1.0/jgridshift-1.0.jar:/Users/ASD/.m2/repository/hsqldb/hsqldb/1.8.0.7/hsqldb-1.8.0.7.jar:/Users/ASD/.m2/repository/org/geotools/gt-metadata/8.2/gt-metadata-8.2.jar:/Users/ASD/.m2/repository/net/sourceforge/jexcelapi/jxl/2.6/jxl-2.6.jar:/Users/ASD/.m2/repository/org/apache/xmlgraphics/fop/1.0/fop-1.0.jar:/Users/ASD/.m2/repository/org/apache/xmlgraphics/xmlgraphics-commons/1.4/xmlgraphics-commons-1.4.jar:/Users/ASD/.m2/repository/org/apache/xmlgraphics/batik-svg-dom/1.7/batik-svg-dom-1.7.jar:/Users/ASD/.m2/repository/org/apache/xmlgraphics/batik-anim/1.7/batik-anim-1.7.jar:/Users/ASD/.m2/repository/org/apache/xmlgraphics/batik-css/1.7/batik-css-1.7.jar:/Users/ASD/.m2/repository/org/apache/xmlgraphics/batik-dom/1.7/batik-dom-1.7.jar:/Users/ASD/.m2/repository/org/apache/xmlgraphics/batik-parser/1.7/batik-parser-1.7.jar:/Users/ASD/.m2/repository/org/apache/xmlgraphics/batik-util/1.7/batik-util-1.7.jar:/Users/ASD/.m2/repository/xml-apis/xml-apis-ext/1.3.04/xml-apis-ext-1.3.04.jar:/Users/ASD/.m2/repository/org/apache/xmlgraphics/batik-bridge/1.7/batik-bridge-1.7.jar:/Users/ASD/.m2/repository/org/apache/xmlgraphics/batik-script/1.7/batik-script-1.7.jar:/Users/ASD/.m2/repository/org/apache/xmlgraphics/batik-js/1.7/batik-js-1.7.jar:/Users/ASD/.m2/repository/org/apache/xmlgraphics/batik-xml/1.7/batik-xml-1.7.jar:/Users/ASD/.m2/repository/xalan/xalan/2.6.0/xalan-2.6.0.jar:/Users/ASD/.m2/repository/org/apache/xmlgraphics/batik-awt-util/1.7/batik-awt-util-1.7.jar:/Users/ASD/.m2/repository/org/apache/xmlgraphics/batik-gvt/1.7/batik-gvt-1.7.jar:/Users/ASD/.m2/repository/org/apache/xmlgraphics/batik-transcoder/1.7/batik-transcoder-1.7.jar:/Users/ASD/.m2/repository/org/apache/xmlgraphics/batik-svggen/1.7/batik-svggen-1.7.jar:/Users/ASD/.m2/repository/org/apache/xmlgraphics/batik-extension/1.7/batik-extension-1.7.jar:/Users/ASD/.m2/repository/org/apache/xmlgraphics/batik-ext/1.7/batik-ext-1.7.jar:/Users/ASD/.m2/repository/commons-io/commons-io/1.3.1/commons-io-1.3.1.jar:/Users/ASD/.m2/repository/org/apache/avalon/framework/avalon-framework-api/4.3.1/avalon-framework-api-4.3.1.jar:/Users/ASD/.m2/repository/org/apache/avalon/framework/avalon-framework-impl/4.3.1/avalon-framework-impl-4.3.1.jar:/Users/ASD/.m2/repository/org/n52/sensorweb/sweclient-old/gimv/0.4.2/gimv-0.4.2.jar:/Users/ASD/.m2/repository/org/n52/sensorweb/sensorwebclient-ses-shared/3.1.0/sensorwebclient-ses-shared-3.1.0.jar:/Users/ASD/.m2/repository/com/google/gwt/gwt-servlet/2.5.0/gwt-servlet-2.5.0.jar:/Users/ASD/.m2/repository/org/n52/sensorweb/oxf-ses-adapter/2.0.0-alpha.2/oxf-ses-adapter-2.0.0-alpha.2.jar:/Users/ASD/.m2/repository/org/n52/sensorweb/oxf-common/2.0.0-alpha.2/oxf-common-2.0.0-alpha.2.jar:/Users/ASD/.m2/repository/org/n52/sensorweb/52n-xml-ows-v110/1.1.4/52n-xml-ows-v110-1.1.4.jar:/Users/ASD/.m2/repository/org/n52/sensorweb/52n-xml-xlink-v110/1.0.0/52n-xml-xlink-v110-1.0.0.jar:/Users/ASD/.m2/repository/org/apache/httpcomponents/httpclient/4.2.1/httpclient-4.2.1.jar:/Users/ASD/.m2/repository/org/apache/httpcomponents/httpcore/4.2.1/httpcore-4.2.1.jar:/Users/ASD/.m2/repository/commons-codec/commons-codec/1.6/commons-codec-1.6.jar:/Users/ASD/.m2/repository/com/google/guava/guava/12.0/guava-12.0.jar:/Users/ASD/.m2/repository/com/google/code/findbugs/jsr305/1.3.9/jsr305-1.3.9.jar:/Users/ASD/.m2/repository/org/slf4j/jcl-over-slf4j/1.7.2/jcl-over-slf4j-1.7.2.jar:/Users/ASD/.m2/repository/javax/media/jai_codec/1.1.3/jai_codec-1.1.3.jar:/Users/ASD/.m2/repository/jfree/jfreechart/1.0.13/jfreechart-1.0.13.jar:/Users/ASD/.m2/repository/jfree/jcommon/1.0.16/jcommon-1.0.16.jar:/Users/ASD/.m2/repository/isorelax/isorelax/20020414/isorelax-20020414.jar:/Users/ASD/.m2/repository/org/n52/sensorweb/oxf-feature/2.0.0-alpha.2/oxf-feature-2.0.0-alpha.2.jar:/Users/ASD/.m2/repository/org/n52/sensorweb/52n-xml-context-v100/1.1.4/52n-xml-context-v100-1.1.4.jar:/Users/ASD/.m2/repository/org/n52/sensorweb/52n-xml-sld-v100/1.1.4/52n-xml-sld-v100-1.1.4.jar:/Users/ASD/.m2/repository/org/n52/sensorweb/52n-xml-filter-v100/1.1.4/52n-xml-filter-v100-1.1.4.jar:/Users/ASD/.m2/repository/org/n52/sensorweb/52n-xml-sampling-v100/1.1.4/52n-xml-sampling-v100-1.1.4.jar:/Users/ASD/.m2/repository/org/n52/sensorweb/52n-xml-sensorML-v100/1.1.4/52n-xml-sensorML-v100-1.1.4.jar:/Users/ASD/.m2/repository/org/n52/sensorweb/52n-xml-sweCommon-v100/1.1.4/52n-xml-sweCommon-v100-1.1.4.jar:/Users/ASD/.m2/repository/org/n52/sensorweb/52n-xml-sweCommon-v101/1.1.4/52n-xml-sweCommon-v101-1.1.4.jar:/Users/ASD/.m2/repository/org/n52/sensorweb/52n-xml-waterML-v20/1.1.4/52n-xml-waterML-v20-1.1.4.jar:/Users/ASD/.m2/repository/org/n52/sensorweb/52n-xml-sampling-v20/1.1.4/52n-xml-sampling-v20-1.1.4.jar:/Users/ASD/.m2/repository/org/n52/sensorweb/oxf-feature-grdc/2.0.0-alpha.2/oxf-feature-grdc-2.0.0-alpha.2.jar:/Users/ASD/.m2/repository/org/n52/sensorweb/oxf-adapter-api/2.0.0-alpha.2/oxf-adapter-api-2.0.0-alpha.2.jar:/Users/ASD/.m2/repository/org/n52/sensorweb/52n-xml-ses-v00/1.1.4/52n-xml-ses-v00-1.1.4.jar:/Users/ASD/.m2/repository/org/n52/sensorweb/52n-xml-eml-v001/1.1.4/52n-xml-eml-v001-1.1.4.jar:/Users/ASD/.m2/repository/org/n52/sensorweb/52n-xml-wsn-v13/1.1.4/52n-xml-wsn-v13-1.1.4.jar:/Users/ASD/.m2/repository/org/n52/sensorweb/52n-xml-wsrf-v12/1.1.4/52n-xml-wsrf-v12-1.1.4.jar:/Users/ASD/.m2/repository/org/n52/sensorweb/52n-xml-wsa-v10/1.1.4/52n-xml-wsa-v10-1.1.4.jar:/Users/ASD/.m2/repository/org/n52/sensorweb/52n-xml-om-v100/1.1.3/52n-xml-om-v100-1.1.3.jar:/Users/ASD/.m2/repository/org/n52/sensorweb/52n-xml-gml-v311/1.1.3/52n-xml-gml-v311-1.1.3.jar:/Users/ASD/.m2/repository/org/n52/sensorweb/52n-xml-sensorML-v101/1.1.3/52n-xml-sensorML-v101-1.1.3.jar:/Users/ASD/.m2/repository/org/n52/sensorweb/52n-oxf-xmlbeans/2.0.0-alpha.2/52n-oxf-xmlbeans-2.0.0-alpha.2.jar:/Users/ASD/.m2/repository/xerces/xercesImpl/2.9.1/xercesImpl-2.9.1.jar:/Users/ASD/.m2/repository/org/n52/sensorweb/52n-xml-soap-v12/1.1.4/52n-xml-soap-v12-1.1.4.jar:/Users/ASD/.m2/repository/org/n52/sensorweb/52n-xml-swes-v20/1.1.4/52n-xml-swes-v20-1.1.4.jar:/Users/ASD/.m2/repository/org/apache/xmlbeans/xmlbeans-xpath/2.5.0/xmlbeans-xpath-2.5.0.jar:/Users/ASD/.m2/repository/net/sf/saxon/Saxon-HE/9.4.0.6/Saxon-HE-9.4.0.6.jar:/Users/ASD/.m2/repository/joda-time/joda-time/2.1/joda-time-2.1.jar:/Users/ASD/.m2/repository/org/slf4j/slf4j-api/1.7.2/slf4j-api-1.7.2.jar:/Users/ASD/.m2/repository/ch/qos/logback/logback-classic/1.0.9/logback-classic-1.0.9.jar:/Users/ASD/.m2/repository/ch/qos/logback/logback-core/1.0.9/logback-core-1.0.9.jar:/Users/ASD/.m2/repository/junit/junit/4.8.2/junit-4.8.2.jar:/Users/ASD/.m2/repository/org/hamcrest/hamcrest-all/1.3/hamcrest-all-1.3.jar:/Users/ASD/.m2/repository/javax/servlet/servlet-api/2.4/servlet-api-2.4.jar:/Users/ASD/.m2/repository/org/hibernate/hibernate-core/3.5.0-Final/hibernate-core-3.5.0-Final.jar:/Users/ASD/.m2/repository/antlr/antlr/2.7.6/antlr-2.7.6.jar:/Users/ASD/.m2/repository/commons-collections/commons-collections/3.1/commons-collections-3.1.jar:/Users/ASD/.m2/repository/dom4j/dom4j/1.6.1/dom4j-1.6.1.jar:/Users/ASD/.m2/repository/xml-apis/xml-apis/1.0.b2/xml-apis-1.0.b2.jar:/Users/ASD/.m2/repository/javax/transaction/jta/1.1/jta-1.1.jar:/Users/ASD/.m2/repository/net/sf/ehcache/ehcache/1.6.1/ehcache-1.6.1.jar:/Users/ASD/.m2/repository/javassist/javassist/3.12.1.GA/javassist-3.12.1.GA.jar:/Users/ASD/.m2/repository/postgresql/postgresql/8.4-702.jdbc4/postgresql-8.4-702.jdbc4.jar:/Users/ASD/.m2/repository/javax/mail/mail/1.4/mail-1.4.jar:/Users/ASD/.m2/repository/javax/activation/activation/1.1/activation-1.1.jar:/Users/ASD/.m2/repository/org/n52/sensorweb/sweclient-old/unitConversion/1.0/unitConversion-1.0.jar:"/>
    <property name="java.vm.specification.version" value="1.0"/>
    <property name="sun.arch.data.model" value="64"/>
    <property name="java.home" value="/System/Library/Java/JavaVirtualMachines/1.6.0.jdk/Contents/Home"/>
    <property name="sun.java.command" value="/Users/ASD/workspace/SWE-3.1.0/sensorwebclient-ses-server/target/surefire/surefirebooter5695483099548478838.jar /Users/ASD/workspace/SWE-3.1.0/sensorwebclient-ses-server/target/surefire/surefire8138625705177617472tmp /Users/ASD/workspace/SWE-3.1.0/sensorwebclient-ses-server/target/surefire/surefire6910054432493349032tmp"/>
    <property name="java.specification.vendor" value="Sun Microsystems Inc."/>
    <property name="user.language" value="en"/>
    <property name="awt.toolkit" value="apple.awt.CToolkit"/>
    <property name="java.vm.info" value="mixed mode"/>
    <property name="java.version" value="1.6.0_51"/>
    <property name="java.ext.dirs" value="/Library/Java/Extensions:/System/Library/Java/Extensions:/System/Library/Java/JavaVirtualMachines/1.6.0.jdk/Contents/Home/lib/ext"/>
    <property name="sun.boot.class.path" value="/System/Library/Java/JavaVirtualMachines/1.6.0.jdk/Contents/Classes/jsfd.jar:/System/Library/Java/JavaVirtualMachines/1.6.0.jdk/Contents/Classes/classes.jar:/System/Library/Frameworks/JavaVM.framework/Frameworks/JavaRuntimeSupport.framework/Resources/Java/JavaRuntimeSupport.jar:/System/Library/Java/JavaVirtualMachines/1.6.0.jdk/Contents/Classes/ui.jar:/System/Library/Java/JavaVirtualMachines/1.6.0.jdk/Contents/Classes/laf.jar:/System/Library/Java/JavaVirtualMachines/1.6.0.jdk/Contents/Classes/sunrsasign.jar:/System/Library/Java/JavaVirtualMachines/1.6.0.jdk/Contents/Classes/jsse.jar:/System/Library/Java/JavaVirtualMachines/1.6.0.jdk/Contents/Classes/jce.jar:/System/Library/Java/JavaVirtualMachines/1.6.0.jdk/Contents/Classes/charsets.jar"/>
    <property name="java.vendor" value="Apple Inc."/>
    <property name="localRepository" value="/Users/ASD/.m2/repository"/>
    <property name="file.separator" value="/"/>
    <property name="java.vendor.url.bug" value="http://bugreport.apple.com/"/>
    <property name="sun.cpu.endian" value="little"/>
    <property name="sun.io.unicode.encoding" value="UnicodeLittle"/>
    <property name="mrj.version" value="1070.1.6.0_51-456"/>
    <property name="socksNonProxyHosts" value="local|*.local|169.254/16|*.169.254/16"/>
    <property name="ftp.nonProxyHosts" value="local|*.local|169.254/16|*.169.254/16"/>
    <property name="sun.cpu.isalist" value=""/>
  </properties>
  <testcase time="0.05" classname="org.n52.server.ses.eml.BasicRule_5_BuilderTest" name="shouldBlah"/>
</testsuite>